<?xml version="1.0" encoding="UTF-8"?>
<robot generator="Robot 3.2.2 (Python 3.7.9 on win32)" generated="20220627 18:43:22.851" rpa="false">
<suite id="s1" name="RobotProject" source="C:\Users\crist\eclipse-workspace\RobotProject">
<suite id="s1-s1" name="Testes" source="C:\Users\crist\eclipse-workspace\RobotProject\testes">
<suite id="s1-s1-s1" name="Bdd" source="C:\Users\crist\eclipse-workspace\RobotProject\testes\bdd.robot">
<test id="s1-s1-s1-t1" name="Cenáro 1: Executar vídeo no site do youtube">
<kw name="Dado que eu acesso o site do youtube">
<kw name="Open Browser" library="SeleniumLibrary">
<doc>Opens a new browser instance to the optional ``url``.</doc>
<arguments>
<arg>${URL}</arg>
<arg>${Browser}</arg>
</arguments>
<msg timestamp="20220627 18:43:23.387" level="INFO">Opening browser 'chrome' to base url 'https://www.youtube.com/'.</msg>
<status status="PASS" starttime="20220627 18:43:23.387" endtime="20220627 18:43:28.893"></status>
</kw>
<status status="PASS" starttime="20220627 18:43:23.386" endtime="20220627 18:43:28.893"></status>
</kw>
<kw name="Quando digito o nome da música">
<kw name="Input Text" library="SeleniumLibrary">
<doc>Types the given ``text`` into the text field identified by ``locator``.</doc>
<arguments>
<arg>${Input_Pesquisa}</arg>
<arg>${DadosDaMusica}</arg>
</arguments>
<msg timestamp="20220627 18:43:28.895" level="INFO">Typing text 'Ariana Grande Positions' into text field '//input[@id='search']'.</msg>
<status status="PASS" starttime="20220627 18:43:28.894" endtime="20220627 18:43:29.044"></status>
</kw>
<status status="PASS" starttime="20220627 18:43:28.894" endtime="20220627 18:43:29.045"></status>
</kw>
<kw name="E clico no botão buscar">
<kw name="Click Element" library="SeleniumLibrary">
<doc>Click the element identified by ``locator``.</doc>
<arguments>
<arg>${Button_Pesquisa}</arg>
</arguments>
<msg timestamp="20220627 18:43:29.046" level="INFO">Clicking element '//button[@id='search-icon-legacy']'.</msg>
<status status="PASS" starttime="20220627 18:43:29.046" endtime="20220627 18:43:29.154"></status>
</kw>
<status status="PASS" starttime="20220627 18:43:29.045" endtime="20220627 18:43:29.155"></status>
</kw>
<kw name="E clico na primeira opção da lista">
<kw name="Wait Until Element Is Visible" library="SeleniumLibrary">
<doc>Waits until the element ``locator`` is visible.</doc>
<arguments>
<arg>${Primeiro}</arg>
<arg>10</arg>
</arguments>
<status status="PASS" starttime="20220627 18:43:29.156" endtime="20220627 18:43:30.973"></status>
</kw>
<kw name="Click Element" library="SeleniumLibrary">
<doc>Click the element identified by ``locator``.</doc>
<arguments>
<arg>${Primeiro}</arg>
</arguments>
<msg timestamp="20220627 18:43:30.974" level="INFO">Clicking element '(//yt-formatted-string[@class='style-scope ytd-video-renderer'])[1]'.</msg>
<status status="PASS" starttime="20220627 18:43:30.973" endtime="20220627 18:43:31.107"></status>
</kw>
<status status="PASS" starttime="20220627 18:43:29.155" endtime="20220627 18:43:31.107"></status>
</kw>
<kw name="Então o vídeo é executado">
<kw name="Wait Until Element Is Visible" library="SeleniumLibrary">
<doc>Waits until the element ``locator`` is visible.</doc>
<arguments>
<arg>${Prova}</arg>
<arg>10</arg>
</arguments>
<status status="PASS" starttime="20220627 18:43:31.109" endtime="20220627 18:43:32.452"></status>
</kw>
<kw name="Element Should Be Visible" library="SeleniumLibrary">
<doc>Verifies that the element identified by ``locator`` is visible.</doc>
<arguments>
<arg>${Prova}</arg>
</arguments>
<msg timestamp="20220627 18:43:32.522" level="INFO">Element '//yt-formatted-string[contains(text(),'Compartilhar')]' is displayed.</msg>
<status status="PASS" starttime="20220627 18:43:32.452" endtime="20220627 18:43:32.522"></status>
</kw>
<kw name="Sleep" library="BuiltIn">
<doc>Pauses the test executed for the given time.</doc>
<arguments>
<arg>1s</arg>
</arguments>
<msg timestamp="20220627 18:43:33.528" level="INFO">Slept 1 second</msg>
<status status="PASS" starttime="20220627 18:43:32.523" endtime="20220627 18:43:33.528"></status>
</kw>
<kw name="Close Browser" library="SeleniumLibrary">
<doc>Closes the current browser.</doc>
<status status="PASS" starttime="20220627 18:43:33.529" endtime="20220627 18:43:35.682"></status>
</kw>
<status status="PASS" starttime="20220627 18:43:31.108" endtime="20220627 18:43:35.684"></status>
</kw>
<status status="PASS" starttime="20220627 18:43:23.383" endtime="20220627 18:43:35.685" critical="yes"></status>
</test>
<status status="PASS" starttime="20220627 18:43:22.956" endtime="20220627 18:43:35.688"></status>
</suite>
<status status="PASS" starttime="20220627 18:43:22.951" endtime="20220627 18:43:35.699"></status>
</suite>
<status status="PASS" starttime="20220627 18:43:22.906" endtime="20220627 18:43:35.706"></status>
</suite>
<statistics>
<total>
<stat pass="1" fail="0">Critical Tests</stat>
<stat pass="1" fail="0">All Tests</stat>
</total>
<tag>
</tag>
<suite>
<stat pass="1" fail="0" id="s1" name="RobotProject">RobotProject</stat>
<stat pass="1" fail="0" id="s1-s1" name="Testes">RobotProject.Testes</stat>
<stat pass="1" fail="0" id="s1-s1-s1" name="Bdd">RobotProject.Testes.Bdd</stat>
</suite>
</statistics>
<errors>
</errors>
</robot>
